#
# There is insufficient memory for the Java Runtime Environment to continue.
# Native memory allocation (mmap) failed to map 268435456 bytes for G1 virtual space
# Possible reasons:
#   The system is out of physical RAM or swap space
#   The process is running with CompressedOops enabled, and the Java Heap may be blocking the growth of the native heap
# Possible solutions:
#   Reduce memory load on the system
#   Increase physical memory or swap space
#   Check if swap backing store is full
#   Decrease Java heap size (-Xmx/-Xms)
#   Decrease number of Java threads
#   Decrease Java thread stack sizes (-Xss)
#   Set larger code cache with -XX:ReservedCodeCacheSize=
#   JVM is running with Zero Based Compressed Oops mode in which the Java heap is
#     placed in the first 32GB address space. The Java Heap base address is the
#     maximum limit for the native heap growth. Please use -XX:HeapBaseMinAddress
#     to set the Java Heap base and to place the Java Heap above 32GB virtual address.
# This output file may be truncated or incomplete.
#
#  Out of Memory Error (os_windows.cpp:3532), pid=33660, tid=25184
#
# JRE version:  (17.0.2+8) (build )
# Java VM: Java HotSpot(TM) 64-Bit Server VM (17.0.2+8-LTS-86, mixed mode, sharing, tiered, compressed oops, compressed class ptrs, g1 gc, windows-amd64)
# No core dump will be written. Minidumps are not enabled by default on client versions of Windows
#

---------------  S U M M A R Y ------------

Command Line: -Dfile.encoding=Cp1252 -XX:+ShowCodeDetailsInExceptionMessages test

Host: Intel(R) Core(TM) i7-7700K CPU @ 4.20GHz, 8 cores, 15G,  Windows 10 , 64 bit Build 19041 (10.0.19041.1566)
Time: Wed Mar 30 22:46:35 2022 Central Daylight Time elapsed time: 0.011107 seconds (0d 0h 0m 0s)

---------------  T H R E A D  ---------------

Current thread (0x0000027119d8e060):  JavaThread "Unknown thread" [_thread_in_vm, id=25184, stack(0x000000da19300000,0x000000da19400000)]

Stack: [0x000000da19300000,0x000000da19400000]
Native frames: (J=compiled Java code, j=interpreted, Vv=VM code, C=native code)
V  [jvm.dll+0x670baa]
V  [jvm.dll+0x7cfcb4]
V  [jvm.dll+0x7d145e]
V  [jvm.dll+0x7d1ac3]
V  [jvm.dll+0x242bc5]
V  [jvm.dll+0x66dac9]
V  [jvm.dll+0x662412]
V  [jvm.dll+0x300c0b]
V  [jvm.dll+0x3081a6]
V  [jvm.dll+0x357d0e]
V  [jvm.dll+0x357f3f]
V  [jvm.dll+0x2d7ec8]
V  [jvm.dll+0x2d8e34]
V  [jvm.dll+0x7a18c1]
V  [jvm.dll+0x365a91]
V  [jvm.dll+0x780d2c]
V  [jvm.dll+0x3e845f]
V  [jvm.dll+0x3e9f01]
C  [jli.dll+0x527b]
C  [ucrtbase.dll+0x21bb2]
C  [KERNEL32.DLL+0x17034]
C  [ntdll.dll+0x52651]


---------------  P R O C E S S  ---------------

Threads class SMR info:
_java_thread_list=0x00007ffc16ec9858, length=0, elements={
}

Java Threads: ( => current thread )

Other Threads:
  0x0000027119ddce10 GCTaskThread "GC Thread#0" [stack: 0x000000da19400000,0x000000da19500000] [id=15092]
  0x0000027119def450 ConcurrentGCThread "G1 Main Marker" [stack: 0x000000da19500000,0x000000da19600000] [id=27784]
  0x0000027119defe60 ConcurrentGCThread "G1 Conc#0" [stack: 0x000000da19600000,0x000000da19700000] [id=16936]

[error occurred during error reporting (printing all threads), id 0xc0000005, EXCEPTION_ACCESS_VIOLATION (0xc0000005) at pc=0x00007ffc167188a7]

VM state: not at safepoint (not fully initialized)

VM Mutex/Monitor currently owned by a thread:  ([mutex/lock_event])
[0x0000027119d889a0] Heap_lock - owner thread: 0x0000027119d8e060

Heap address: 0x0000000700a00000, size: 4086 MB, Compressed Oops mode: Zero based, Oop shift amount: 3

CDS archive(s) mapped at: [0x0000000000000000-0x0000000000000000-0x0000000000000000), size 0, SharedBaseAddress: 0x0000000800000000, ArchiveRelocationMode: 0.
Narrow klass base: 0x0000000000000000, Narrow klass shift: 0, Narrow klass range: 0x0

GC Precious Log:
<Empty>

Heap:
 garbage-first heap   total 0K, used 0K [0x0000000700a00000, 0x0000000800000000)
  region size 2048K, 0 young (0K), 0 survivors (0K)

[error occurred during error reporting (printing heap information), id 0xc0000005, EXCEPTION_ACCESS_VIOLATION (0xc0000005) at pc=0x00007ffc16af9f19]

GC Heap History (0 events):
No events

Deoptimization events (0 events):
No events

Classes unloaded (0 events):
No events

Classes redefined (0 events):
No events

Internal exceptions (0 events):
No events

VM Operations (0 events):
No events

Events (1 events):
Event: 0.007 Loaded shared library C:\Program Files\Java\jdk-17.0.2\bin\java.dll


Dynamic libraries:
0x00007ff76e2d0000 - 0x00007ff76e2e0000 	C:\Program Files\Java\jdk-17.0.2\bin\javaw.exe
0x00007ffc92830000 - 0x00007ffc92a25000 	C:\WINDOWS\SYSTEM32\ntdll.dll
0x00007ffc91240000 - 0x00007ffc912fe000 	C:\WINDOWS\System32\KERNEL32.DLL
0x00007ffc90130000 - 0x00007ffc903f8000 	C:\WINDOWS\System32\KERNELBASE.dll
0x00007ffc90790000 - 0x00007ffc90890000 	C:\WINDOWS\System32\ucrtbase.dll
0x00007ffc874e0000 - 0x00007ffc874fa000 	C:\Program Files\Java\jdk-17.0.2\bin\VCRUNTIME140.dll
0x00007ffc871e0000 - 0x00007ffc871f8000 	C:\Program Files\Java\jdk-17.0.2\bin\jli.dll
0x00007ffc915e0000 - 0x00007ffc9168e000 	C:\WINDOWS\System32\ADVAPI32.dll
0x00007ffc92740000 - 0x00007ffc927de000 	C:\WINDOWS\System32\msvcrt.dll
0x00007ffc922e0000 - 0x00007ffc9237c000 	C:\WINDOWS\System32\sechost.dll
0x00007ffc914b0000 - 0x00007ffc915d5000 	C:\WINDOWS\System32\RPCRT4.dll
0x00007ffc91a60000 - 0x00007ffc91c00000 	C:\WINDOWS\System32\USER32.dll
0x00007ffc7fd60000 - 0x00007ffc7fffa000 	C:\WINDOWS\WinSxS\amd64_microsoft.windows.common-controls_6595b64144ccf1df_6.0.19041.1110_none_60b5254171f9507e\COMCTL32.dll
0x00007ffc90100000 - 0x00007ffc90122000 	C:\WINDOWS\System32\win32u.dll
0x00007ffc91810000 - 0x00007ffc9183b000 	C:\WINDOWS\System32\GDI32.dll
0x00007ffc8ffc0000 - 0x00007ffc900cb000 	C:\WINDOWS\System32\gdi32full.dll
0x00007ffc89780000 - 0x00007ffc8978a000 	C:\WINDOWS\SYSTEM32\VERSION.dll
0x00007ffc90400000 - 0x00007ffc9049d000 	C:\WINDOWS\System32\msvcp_win.dll
0x00007ffc90a60000 - 0x00007ffc90a90000 	C:\WINDOWS\System32\IMM32.DLL
0x00007ffc871d0000 - 0x00007ffc871dc000 	C:\Program Files\Java\jdk-17.0.2\bin\vcruntime140_1.dll
0x00007ffc78d80000 - 0x00007ffc78e0d000 	C:\Program Files\Java\jdk-17.0.2\bin\msvcp140.dll
0x00007ffc16430000 - 0x00007ffc16ff1000 	C:\Program Files\Java\jdk-17.0.2\bin\server\jvm.dll
0x00007ffc927e0000 - 0x00007ffc927e8000 	C:\WINDOWS\System32\PSAPI.DLL
0x00007ffc81d90000 - 0x00007ffc81d99000 	C:\WINDOWS\SYSTEM32\WSOCK32.dll
0x00007ffc84590000 - 0x00007ffc845b7000 	C:\WINDOWS\SYSTEM32\WINMM.dll
0x00007ffc917a0000 - 0x00007ffc9180b000 	C:\WINDOWS\System32\WS2_32.dll
0x00007ffc8dd60000 - 0x00007ffc8dd72000 	C:\WINDOWS\SYSTEM32\kernel.appcore.dll
0x00007ffc802f0000 - 0x00007ffc802fa000 	C:\Program Files\Java\jdk-17.0.2\bin\jimage.dll
0x00007ffc89830000 - 0x00007ffc89a14000 	C:\WINDOWS\SYSTEM32\DBGHELP.DLL
0x00007ffc897e0000 - 0x00007ffc8980c000 	C:\WINDOWS\SYSTEM32\dbgcore.DLL
0x00007ffc90700000 - 0x00007ffc90782000 	C:\WINDOWS\System32\bcryptPrimitives.dll
0x00007ffc80030000 - 0x00007ffc80055000 	C:\Program Files\Java\jdk-17.0.2\bin\java.dll

dbghelp: loaded successfully - version: 4.0.5 - missing functions: none
symbol engine: initialized successfully - sym options: 0x614 - pdb path: .;C:\Program Files\Java\jdk-17.0.2\bin;C:\WINDOWS\SYSTEM32;C:\WINDOWS\WinSxS\amd64_microsoft.windows.common-controls_6595b64144ccf1df_6.0.19041.1110_none_60b5254171f9507e;C:\Program Files\Java\jdk-17.0.2\bin\server

VM Arguments:
jvm_args: -Dfile.encoding=Cp1252 -XX:+ShowCodeDetailsInExceptionMessages 
java_command: test
java_class_path (initial): D:\Users\dante\eclipse-workspace\STAY_Negative\PetAdoptionClinic\target\classes
Launcher Type: SUN_STANDARD

[Global flags]
     intx CICompilerCount                          = 4                                         {product} {ergonomic}
     uint ConcGCThreads                            = 2                                         {product} {ergonomic}
     uint G1ConcRefinementThreads                  = 8                                         {product} {ergonomic}
   size_t G1HeapRegionSize                         = 2097152                                   {product} {ergonomic}
    uintx GCDrainStackTargetSize                   = 64                                        {product} {ergonomic}
   size_t InitialHeapSize                          = 268435456                                 {product} {ergonomic}
   size_t MarkStackSize                            = 4194304                                   {product} {ergonomic}
   size_t MaxHeapSize                              = 4284481536                                {product} {ergonomic}
   size_t MinHeapDeltaBytes                        = 2097152                                   {product} {ergonomic}
   size_t MinHeapSize                              = 8388608                                   {product} {ergonomic}
    uintx NonNMethodCodeHeapSize                   = 5839372                                {pd product} {ergonomic}
    uintx NonProfiledCodeHeapSize                  = 122909434                              {pd product} {ergonomic}
    uintx ProfiledCodeHeapSize                     = 122909434                              {pd product} {ergonomic}
    uintx ReservedCodeCacheSize                    = 251658240                              {pd product} {ergonomic}
     bool SegmentedCodeCache                       = true                                      {product} {ergonomic}
     bool ShowCodeDetailsInExceptionMessages       = true                                   {manageable} {command line}
   size_t SoftMaxHeapSize                          = 4284481536                             {manageable} {ergonomic}
     bool UseCompressedClassPointers               = true                           {product lp64_product} {ergonomic}
     bool UseCompressedOops                        = true                           {product lp64_product} {ergonomic}
     bool UseG1GC                                  = true                                      {product} {ergonomic}
     bool UseLargePagesIndividualAllocation        = false                                  {pd product} {ergonomic}

Logging:
Log output configuration:
 #0: stdout all=warning uptime,level,tags
 #1: stderr all=off uptime,level,tags

Environment Variables:
PATH=C:/Program Files/Java/jdk-17.0.2/bin/server;C:/Program Files/Java/jdk-17.0.2/bin;C:\Program Files\Common Files\Oracle\Java\javapath;C:\Program Files\Eclipse Adoptium\jdk-11.0.13.8-hotspot\bin;C:\Program Files\Oculus\Support\oculus-runtime;D:\app\dante\virtual\product\12.2.0\dbhome_1\bin;C:\Program Files\Java\jdk-11.0.1\bin;C:\Program Files\dotnet\;C:\Program Files\NVIDIA Corporation\NVIDIA NvDLISR;C:\WINDOWS\system32;C:\WINDOWS;C:\WINDOWS\System32\Wbem;C:\WINDOWS\System32\WindowsPowerShell\v1.0\;C:\WINDOWS\System32\OpenSSH\;C:\Program Files\nodejs\;D:\Program Files\MATLAB\R2020a\bin;C:\Program Files\Git\cmd;C:\WINDOWS\system32;C:\WINDOWS;C:\WINDOWS\System32\Wbem;C:\WINDOWS\System32\WindowsPowerShell\v1.0\;C:\WINDOWS\System32\OpenSSH\;C:\Program Files (x86)\NVIDIA Corporation\PhysX\Common;C:\Users\dante\AppData\Local\Microsoft\WindowsApps;C:\Users\dante\AppData\Roaming\npm;C:\Users\dante\AppData\Local\GitHubDesktop\bin;;C:\WINDOWS\System32;
USERNAME=dante
OS=Windows_NT
PROCESSOR_IDENTIFIER=Intel64 Family 6 Model 158 Stepping 9, GenuineIntel



---------------  S Y S T E M  ---------------

OS:
 Windows 10 , 64 bit Build 19041 (10.0.19041.1566)
OS uptime: 15 days 4:41 hours
Hyper-V role detected

CPU: total 8 (initial active 8) (4 cores per cpu, 2 threads per core) family 6 model 158 stepping 9 microcode 0xb4, cx8, cmov, fxsr, ht, mmx, 3dnowpref, sse, sse2, sse3, ssse3, sse4.1, sse4.2, popcnt, lzcnt, tsc, tscinvbit, avx, avx2, aes, erms, clmul, bmi1, bmi2, rtm, adx, fma, vzeroupper, clflush, clflushopt, hv

Memory: 4k page, system-wide physical 16343M (5412M free)
TotalPageFile size 46081M (AvailPageFile size 174M)
current process WorkingSet (physical memory assigned to process): 10M, peak: 10M
current process commit charge ("private bytes"): 60M, peak: 316M

vm_info: Java HotSpot(TM) 64-Bit Server VM (17.0.2+8-LTS-86) for windows-amd64 JRE (17.0.2+8-LTS-86), built on Dec  7 2021 21:51:03 by "mach5one" with MS VC++ 16.8 / 16.9 (VS2019)

END.
